<?xml version="1.0" encoding="UTF-8"?>
<!-- Generated by org.testng.reporters.JUnitReportReporter -->
<testsuite hostname="LAPTOP-BDL305ER" failures="0" tests="1" name="demoPracticeJenkins.TestEx" time="0.012" errors="0" timestamp="2023-07-13T10:19:47 IST" skipped="0">
  <testcase classname="demoPracticeJenkins.TestEx" name="test" time="0.012"/>
  <system-out/>
</testsuite> <!-- demoPracticeJenkins.TestEx -->
